----------------------------------------------------------------
Thu Jun 06 17:28:57 CST 2024:
Booting Derby version The Apache Software Foundation - Apache Derby - 10.14.1.0 - (1808820): instance a816c00e-018f-ecd8-572d-00001ebfcac8 
on database directory memory:E:\Work-space\doirs\doris-2.1.3-rc09\fe\64121442-f7a3-49ab-8098-3a899fa2aed1 with class loader sun.misc.Launcher$AppClassLoader@18b4aac2 
Loaded from file:/E:/Mvn/org/apache/doris/hive-catalog-shade/2.0.1/hive-catalog-shade-2.0.1.jar
java.vendor=Oracle Corporation
java.runtime.version=1.8.0_131-b11
user.dir=E:\Work-space\doirs\doris-2.1.3-rc09\fe
os.name=Windows 10
os.arch=amd64
os.version=10.0
derby.system.home=null
Database Class Loader started - derby.database.classpath=''
----------------------------------------------------------------
Thu Jun 06 17:28:58 CST 2024:
Shutting down instance a816c00e-018f-ecd8-572d-00001ebfcac8 on database directory memory:E:\Work-space\doirs\doris-2.1.3-rc09\fe\64121442-f7a3-49ab-8098-3a899fa2aed1 with class loader sun.misc.Launcher$AppClassLoader@18b4aac2 
----------------------------------------------------------------
Thu Jun 06 17:28:58 CST 2024:
Booting Derby version The Apache Software Foundation - Apache Derby - 10.14.1.0 - (1808820): instance 0ddd00a9-018f-ecd8-572d-00001ebfcac8 
on database directory memory:E:\Work-space\doirs\doris-2.1.3-rc09\fe\64121442-f7a3-49ab-8098-3a899fa2aed1 with class loader sun.misc.Launcher$AppClassLoader@18b4aac2 
Loaded from file:/E:/Mvn/org/apache/doris/hive-catalog-shade/2.0.1/hive-catalog-shade-2.0.1.jar
java.vendor=Oracle Corporation
java.runtime.version=1.8.0_131-b11
user.dir=E:\Work-space\doirs\doris-2.1.3-rc09\fe
os.name=Windows 10
os.arch=amd64
os.version=10.0
derby.system.home=null
Database Class Loader started - derby.database.classpath=''
